[2022-06-25 20:14:05] [ ERROR] [GlobalExceptionHandler:15] Failed to convert value of type 'java.lang.String' to required type 'java.lang.Long'; nested exception is java.lang.NumberFormatException: For input string: "p"
[2022-06-26 19:01:47] [ ERROR] [GlobalExceptionHandler:15] JSON parse error: Cannot deserialize value of type `java.lang.Integer` from String "dsaf": not a valid `java.lang.Integer` value; nested exception is com.fasterxml.jackson.databind.exc.InvalidFormatException: Cannot deserialize value of type `java.lang.Integer` from String "dsaf": not a valid `java.lang.Integer` value
 at [Source: (org.springframework.util.StreamUtils$NonClosingInputStream); line: 1, column: 56] (through reference chain: com.turnero.turnos.entity.OdontologoDTO["numeroMatricula"])
[2022-06-26 19:02:02] [ ERROR] [GlobalExceptionHandler:15] JSON parse error: Cannot deserialize value of type `java.lang.Integer` from String "asdfas": not a valid `java.lang.Integer` value; nested exception is com.fasterxml.jackson.databind.exc.InvalidFormatException: Cannot deserialize value of type `java.lang.Integer` from String "asdfas": not a valid `java.lang.Integer` value
 at [Source: (org.springframework.util.StreamUtils$NonClosingInputStream); line: 1, column: 58] (through reference chain: com.turnero.turnos.entity.OdontologoDTO["numeroMatricula"])
[2022-06-27 19:07:36] [ ERROR] [GlobalExceptionHandler:15] JSON parse error: Cannot deserialize value of type `java.time.LocalTime` from String "2:55:00": Failed to deserialize java.time.LocalTime: (java.time.format.DateTimeParseException) Text '2:55:00' could not be parsed at index 0; nested exception is com.fasterxml.jackson.databind.exc.InvalidFormatException: Cannot deserialize value of type `java.time.LocalTime` from String "2:55:00": Failed to deserialize java.time.LocalTime: (java.time.format.DateTimeParseException) Text '2:55:00' could not be parsed at index 0
 at [Source: (org.springframework.util.StreamUtils$NonClosingInputStream); line: 4, column: 17] (through reference chain: com.turnero.turnos.entity.TurnoDTO["horaturno"])
[2022-06-27 19:08:41] [ ERROR] [GlobalExceptionHandler:15] JSON parse error: Cannot deserialize value of type `java.time.LocalTime` from String "2:55:00": Failed to deserialize java.time.LocalTime: (java.time.format.DateTimeParseException) Text '2:55:00' could not be parsed at index 0; nested exception is com.fasterxml.jackson.databind.exc.InvalidFormatException: Cannot deserialize value of type `java.time.LocalTime` from String "2:55:00": Failed to deserialize java.time.LocalTime: (java.time.format.DateTimeParseException) Text '2:55:00' could not be parsed at index 0
 at [Source: (org.springframework.util.StreamUtils$NonClosingInputStream); line: 4, column: 17] (through reference chain: com.turnero.turnos.entity.TurnoDTO["horaturno"])
[2022-06-27 19:09:09] [ ERROR] [GlobalExceptionHandler:15] JSON parse error: Cannot deserialize value of type `java.time.LocalTime` from String "2:55:15": Failed to deserialize java.time.LocalTime: (java.time.format.DateTimeParseException) Text '2:55:15' could not be parsed at index 0; nested exception is com.fasterxml.jackson.databind.exc.InvalidFormatException: Cannot deserialize value of type `java.time.LocalTime` from String "2:55:15": Failed to deserialize java.time.LocalTime: (java.time.format.DateTimeParseException) Text '2:55:15' could not be parsed at index 0
 at [Source: (org.springframework.util.StreamUtils$NonClosingInputStream); line: 4, column: 17] (through reference chain: com.turnero.turnos.entity.TurnoDTO["horaturno"])
[2022-06-27 19:13:07] [ ERROR] [GlobalExceptionHandler:15] JSON parse error: Cannot deserialize value of type `java.time.LocalTime` from String "2:55:15": Failed to deserialize java.time.LocalTime: (java.time.format.DateTimeParseException) Text '2:55:15' could not be parsed at index 0; nested exception is com.fasterxml.jackson.databind.exc.InvalidFormatException: Cannot deserialize value of type `java.time.LocalTime` from String "2:55:15": Failed to deserialize java.time.LocalTime: (java.time.format.DateTimeParseException) Text '2:55:15' could not be parsed at index 0
 at [Source: (org.springframework.util.StreamUtils$NonClosingInputStream); line: 4, column: 17] (through reference chain: com.turnero.turnos.entity.TurnoDTO["horaturno"])
[2022-06-27 19:26:05] [ ERROR] [GlobalExceptionHandler:15] could not execute statement; SQL [n/a]; constraint [FKQTJ6T7MULC2JMFKV92X4CTKWH]; nested exception is org.hibernate.exception.ConstraintViolationException: could not execute statement
[2022-06-27 19:27:15] [ ERROR] [GlobalExceptionHandler:15] could not execute statement; SQL [n/a]; constraint [FK4OKCQR9IQT2IW6XHY1PPSMO3L]; nested exception is org.hibernate.exception.ConstraintViolationException: could not execute statement
[2022-06-27 19:27:32] [ ERROR] [GlobalExceptionHandler:15] could not execute statement; SQL [n/a]; constraint [FK4OKCQR9IQT2IW6XHY1PPSMO3L]; nested exception is org.hibernate.exception.ConstraintViolationException: could not execute statement
[2022-06-27 19:28:01] [ ERROR] [GlobalExceptionHandler:15] could not execute statement; SQL [n/a]; constraint [FK4OKCQR9IQT2IW6XHY1PPSMO3L]; nested exception is org.hibernate.exception.ConstraintViolationException: could not execute statement
[2022-06-27 19:51:14] [ ERROR] [GlobalExceptionHandler:15] could not execute statement; SQL [n/a]; constraint [FKQTJ6T7MULC2JMFKV92X4CTKWH]; nested exception is org.hibernate.exception.ConstraintViolationException: could not execute statement
[2022-06-27 22:32:44] [ ERROR] [GlobalExceptionHandler:15] JSON parse error: Cannot construct instance of `java.sql.Time`, problem: `java.lang.IllegalArgumentException`; nested exception is com.fasterxml.jackson.databind.exc.ValueInstantiationException: Cannot construct instance of `java.sql.Time`, problem: `java.lang.IllegalArgumentException`
 at [Source: (org.springframework.util.StreamUtils$NonClosingInputStream); line: 1, column: 60] (through reference chain: com.turnero.turnos.entity.TurnoDTO["horaturno"])
[2022-06-27 22:34:40] [ ERROR] [GlobalExceptionHandler:15] JSON parse error: Cannot construct instance of `java.sql.Time`, problem: `java.lang.IllegalArgumentException`; nested exception is com.fasterxml.jackson.databind.exc.ValueInstantiationException: Cannot construct instance of `java.sql.Time`, problem: `java.lang.IllegalArgumentException`
 at [Source: (org.springframework.util.StreamUtils$NonClosingInputStream); line: 1, column: 60] (through reference chain: com.turnero.turnos.entity.TurnoDTO["horaturno"])
[2022-06-27 22:34:44] [ ERROR] [GlobalExceptionHandler:15] JSON parse error: Cannot construct instance of `java.sql.Time`, problem: `java.lang.IllegalArgumentException`; nested exception is com.fasterxml.jackson.databind.exc.ValueInstantiationException: Cannot construct instance of `java.sql.Time`, problem: `java.lang.IllegalArgumentException`
 at [Source: (org.springframework.util.StreamUtils$NonClosingInputStream); line: 1, column: 60] (through reference chain: com.turnero.turnos.entity.TurnoDTO["horaturno"])
[2022-06-27 22:35:58] [ ERROR] [GlobalExceptionHandler:15] JSON parse error: Cannot construct instance of `java.sql.Time`, problem: `java.lang.IllegalArgumentException`; nested exception is com.fasterxml.jackson.databind.exc.ValueInstantiationException: Cannot construct instance of `java.sql.Time`, problem: `java.lang.IllegalArgumentException`
 at [Source: (org.springframework.util.StreamUtils$NonClosingInputStream); line: 1, column: 60] (through reference chain: com.turnero.turnos.entity.TurnoDTO["horaturno"])
[2022-06-27 22:36:01] [ ERROR] [GlobalExceptionHandler:15] JSON parse error: Cannot construct instance of `java.sql.Time`, problem: `java.lang.IllegalArgumentException`; nested exception is com.fasterxml.jackson.databind.exc.ValueInstantiationException: Cannot construct instance of `java.sql.Time`, problem: `java.lang.IllegalArgumentException`
 at [Source: (org.springframework.util.StreamUtils$NonClosingInputStream); line: 1, column: 60] (through reference chain: com.turnero.turnos.entity.TurnoDTO["horaturno"])
[2022-06-27 22:43:30] [ ERROR] [GlobalExceptionHandler:15] could not execute statement; SQL [n/a]; constraint [FK4OKCQR9IQT2IW6XHY1PPSMO3L]; nested exception is org.hibernate.exception.ConstraintViolationException: could not execute statement
[2022-06-27 22:44:15] [ ERROR] [GlobalExceptionHandler:15] could not execute statement; SQL [n/a]; constraint [FK4OKCQR9IQT2IW6XHY1PPSMO3L]; nested exception is org.hibernate.exception.ConstraintViolationException: could not execute statement
[2022-06-27 23:41:39] [ ERROR] [GlobalExceptionHandler:15] could not execute statement; SQL [n/a]; constraint ["FK4OKCQR9IQT2IW6XHY1PPSMO3L: PUBLIC.TURNOS FOREIGN KEY(PACIENTE_ID) REFERENCES PUBLIC.PACIENTES(ID) (CAST(1 AS BIGINT))"; SQL statement:
delete from pacientes where id=? [23503-214]]; nested exception is org.hibernate.exception.ConstraintViolationException: could not execute statement
[2022-06-27 23:42:22] [ ERROR] [GlobalExceptionHandler:15] could not execute statement; SQL [n/a]; constraint ["FK4OKCQR9IQT2IW6XHY1PPSMO3L: PUBLIC.TURNOS FOREIGN KEY(PACIENTE_ID) REFERENCES PUBLIC.PACIENTES(ID) (CAST(1 AS BIGINT))"; SQL statement:
delete from pacientes where id=? [23503-214]]; nested exception is org.hibernate.exception.ConstraintViolationException: could not execute statement
[2022-06-27 23:42:39] [ ERROR] [GlobalExceptionHandler:15] could not execute statement; SQL [n/a]; constraint ["FKPP93VJ20LM7EQCYS9BCKQ8G25: PUBLIC.PACIENTES FOREIGN KEY(DIRECCION_ID) REFERENCES PUBLIC.DOMICILIOS(ID) (CAST(1 AS BIGINT))"; SQL statement:
delete from domicilios where id=? [23503-214]]; nested exception is org.hibernate.exception.ConstraintViolationException: could not execute statement
[2022-06-27 23:44:11] [ ERROR] [GlobalExceptionHandler:15] could not execute statement; SQL [n/a]; constraint ["FKPP93VJ20LM7EQCYS9BCKQ8G25: PUBLIC.PACIENTES FOREIGN KEY(DIRECCION_ID) REFERENCES PUBLIC.DOMICILIOS(ID) (CAST(1 AS BIGINT))"; SQL statement:
delete from domicilios where id=? [23503-214]]; nested exception is org.hibernate.exception.ConstraintViolationException: could not execute statement
[2022-06-27 23:44:29] [ ERROR] [GlobalExceptionHandler:15] could not execute statement; SQL [n/a]; constraint ["FK4OKCQR9IQT2IW6XHY1PPSMO3L: PUBLIC.TURNOS FOREIGN KEY(PACIENTE_ID) REFERENCES PUBLIC.PACIENTES(ID) (CAST(1 AS BIGINT))"; SQL statement:
delete from pacientes where id=? [23503-214]]; nested exception is org.hibernate.exception.ConstraintViolationException: could not execute statement
[2022-06-28 11:55:27] [ ERROR] [GlobalExceptionHandler:15] Request method 'PUT' not supported
[2022-06-28 11:57:12] [ ERROR] [GlobalExceptionHandler:15] Request method 'PUT' not supported
[2022-06-28 11:58:35] [ ERROR] [GlobalExceptionHandler:15] Request method 'PUT' not supported
[2022-06-28 12:03:13] [ ERROR] [GlobalExceptionHandler:15] Request method 'PUT' not supported
[2022-06-28 12:21:33] [ ERROR] [GlobalExceptionHandler:15] Request method 'PUT' not supported
[2022-06-28 12:25:14] [ ERROR] [GlobalExceptionHandler:15] Request method 'PUT' not supported
[2022-06-28 16:41:37] [ ERROR] [GlobalExceptionHandler:15] JSON parse error: Cannot construct instance of `java.sql.Time`, problem: `java.lang.IllegalArgumentException`; nested exception is com.fasterxml.jackson.databind.exc.ValueInstantiationException: Cannot construct instance of `java.sql.Time`, problem: `java.lang.IllegalArgumentException`
 at [Source: (org.springframework.util.StreamUtils$NonClosingInputStream); line: 1, column: 39] (through reference chain: com.turnero.turnos.entity.TurnoDTO["horaturno"])
[2022-06-28 16:41:54] [ ERROR] [GlobalExceptionHandler:15] JSON parse error: Cannot construct instance of `java.sql.Time`, problem: `java.lang.IllegalArgumentException`; nested exception is com.fasterxml.jackson.databind.exc.ValueInstantiationException: Cannot construct instance of `java.sql.Time`, problem: `java.lang.IllegalArgumentException`
 at [Source: (org.springframework.util.StreamUtils$NonClosingInputStream); line: 1, column: 39] (through reference chain: com.turnero.turnos.entity.TurnoDTO["horaturno"])
[2022-06-28 16:43:47] [ ERROR] [GlobalExceptionHandler:15] JSON parse error: Cannot construct instance of `java.sql.Time`, problem: `java.lang.IllegalArgumentException`; nested exception is com.fasterxml.jackson.databind.exc.ValueInstantiationException: Cannot construct instance of `java.sql.Time`, problem: `java.lang.IllegalArgumentException`
 at [Source: (org.springframework.util.StreamUtils$NonClosingInputStream); line: 1, column: 21] (through reference chain: com.turnero.turnos.entity.TurnoDTO["horaturno"])
[2022-06-28 19:01:23] [ ERROR] [GlobalExceptionHandler:15] JSON parse error: Cannot construct instance of `java.sql.Time`, problem: Error at index 2 in: "00:00"; nested exception is com.fasterxml.jackson.databind.exc.ValueInstantiationException: Cannot construct instance of `java.sql.Time`, problem: Error at index 2 in: "00:00"
 at [Source: (org.springframework.util.StreamUtils$NonClosingInputStream); line: 1, column: 23] (through reference chain: com.turnero.turnos.entity.TurnoDTO["horaturno"])
[2022-06-28 19:03:38] [ ERROR] [GlobalExceptionHandler:15] JSON parse error: Cannot construct instance of `java.sql.Time`, problem: Error at index 2 in: "00:00"; nested exception is com.fasterxml.jackson.databind.exc.ValueInstantiationException: Cannot construct instance of `java.sql.Time`, problem: Error at index 2 in: "00:00"
 at [Source: (org.springframework.util.StreamUtils$NonClosingInputStream); line: 1, column: 23] (through reference chain: com.turnero.turnos.entity.TurnoDTO["horaturno"])
[2022-06-28 19:05:30] [ ERROR] [GlobalExceptionHandler:15] JSON parse error: Cannot construct instance of `java.sql.Time`, problem: Error at index 2 in: "00:00"; nested exception is com.fasterxml.jackson.databind.exc.ValueInstantiationException: Cannot construct instance of `java.sql.Time`, problem: Error at index 2 in: "00:00"
 at [Source: (org.springframework.util.StreamUtils$NonClosingInputStream); line: 1, column: 23] (through reference chain: com.turnero.turnos.entity.TurnoDTO["horaturno"])
[2022-06-28 19:25:09] [ ERROR] [GlobalExceptionHandler:15] Failed to convert value of type 'java.lang.String' to required type 'java.lang.Long'; nested exception is java.lang.NumberFormatException: For input string: "franco"
[2022-06-28 19:25:29] [ ERROR] [GlobalExceptionHandler:15] Failed to convert value of type 'java.lang.String' to required type 'java.lang.Long'; nested exception is java.lang.NumberFormatException: For input string: ""franco""
[2022-06-28 19:33:48] [ ERROR] [GlobalExceptionHandler:15] Ambiguous handler methods mapped for '/pacientes/%22franco%22': {public com.turnero.turnos.entity.PacienteDTO com.turnero.turnos.controller.PacienteController.buscarPaciente(java.lang.Long), public com.turnero.turnos.entity.PacienteDTO com.turnero.turnos.controller.PacienteController.buscarPacientePorNombre(java.lang.String)}
[2022-06-28 19:34:31] [ ERROR] [GlobalExceptionHandler:15] Ambiguous handler methods mapped for '/pacientes/franco': {public com.turnero.turnos.entity.PacienteDTO com.turnero.turnos.controller.PacienteController.buscarPaciente(java.lang.Long), public com.turnero.turnos.entity.PacienteDTO com.turnero.turnos.controller.PacienteController.buscarPacientePorNombre(java.lang.String)}
[2022-06-28 19:38:44] [ ERROR] [GlobalExceptionHandler:15] Ambiguous handler methods mapped for '/pacientes/franco': {public com.turnero.turnos.entity.PacienteDTO com.turnero.turnos.controller.PacienteController.buscarPaciente(java.lang.Long), public com.turnero.turnos.entity.PacienteDTO com.turnero.turnos.controller.PacienteController.buscarPacientePorNombre(java.lang.String)}
